  File "/data/openpilot/traccar-python-client/launcher.sh", line 14
    export PYTHONPATH="$OPENPILOT_DIR:$PYTHONPATH"
           ^^^^^^^^^^
SyntaxError: invalid syntax
  File "/data/openpilot/traccar-python-client/launcher.sh", line 14
    export PYTHONPATH="$OPENPILOT_DIR:$PYTHONPATH"
           ^^^^^^^^^^
SyntaxError: invalid syntax
  File "/data/openpilot/traccar-python-client/launcher.sh", line 14
    export PYTHONPATH="$OPENPILOT_DIR:$PYTHONPATH"
           ^^^^^^^^^^
SyntaxError: invalid syntax
  File "/data/openpilot/traccar-python-client/launcher.sh", line 14
    export PYTHONPATH="$OPENPILOT_DIR:$PYTHONPATH"
           ^^^^^^^^^^
SyntaxError: invalid syntax
  File "/data/openpilot/traccar-python-client/launcher.sh", line 14
    export PYTHONPATH="$OPENPILOT_DIR:$PYTHONPATH"
           ^^^^^^^^^^
SyntaxError: invalid syntax
  File "/data/openpilot/traccar-python-client/launcher.sh", line 14
    export PYTHONPATH="$OPENPILOT_DIR:$PYTHONPATH"
           ^^^^^^^^^^
SyntaxError: invalid syntax
  File "/data/openpilot/traccar-python-client/launcher.sh", line 14
    export PYTHONPATH="$OPENPILOT_DIR:$PYTHONPATH"
           ^^^^^^^^^^
SyntaxError: invalid syntax
  File "/data/openpilot/traccar-python-client/launcher.sh", line 14
    export PYTHONPATH="$OPENPILOT_DIR:$PYTHONPATH"
           ^^^^^^^^^^
SyntaxError: invalid syntax
  File "/data/openpilot/traccar-python-client/launcher.sh", line 14
    export PYTHONPATH="$OPENPILOT_DIR:$PYTHONPATH"
           ^^^^^^^^^^
SyntaxError: invalid syntax
  File "/data/openpilot/traccar-python-client/launcher.sh", line 14
    export PYTHONPATH="$OPENPILOT_DIR:$PYTHONPATH"
           ^^^^^^^^^^
SyntaxError: invalid syntax
  File "/data/openpilot/traccar-python-client/launcher.sh", line 14
    export PYTHONPATH="$OPENPILOT_DIR:$PYTHONPATH"
           ^^^^^^^^^^
SyntaxError: invalid syntax
  File "/data/openpilot/traccar-python-client/launcher.sh", line 14
    export PYTHONPATH="$OPENPILOT_DIR:$PYTHONPATH"
           ^^^^^^^^^^
SyntaxError: invalid syntax
  File "/data/openpilot/traccar-python-client/launcher.sh", line 14
    export PYTHONPATH="$OPENPILOT_DIR:$PYTHONPATH"
           ^^^^^^^^^^
SyntaxError: invalid syntax
  File "/data/openpilot/traccar-python-client/launcher.sh", line 14
    export PYTHONPATH="$OPENPILOT_DIR:$PYTHONPATH"
           ^^^^^^^^^^
SyntaxError: invalid syntax
  File "/data/openpilot/traccar-python-client/launcher.sh", line 14
    export PYTHONPATH="$OPENPILOT_DIR:$PYTHONPATH"
           ^^^^^^^^^^
SyntaxError: invalid syntax
  File "/data/openpilot/traccar-python-client/launcher.sh", line 14
    $PYTHON_PATH -m pip install -r $SCRIPT_DIR/requirements.txt
    ^
SyntaxError: invalid syntax
  File "/data/openpilot/traccar-python-client/launcher.sh", line 14
    $PYTHON_PATH -m pip install -r $SCRIPT_DIR/requirements.txt
    ^
SyntaxError: invalid syntax
  File "/data/openpilot/traccar-python-client/launcher.sh", line 14
    $PYTHON_PATH -m pip install -r $SCRIPT_DIR/requirements.txt
    ^
SyntaxError: invalid syntax
  File "/data/openpilot/traccar-python-client/launcher.sh", line 14
    $PYTHON_PATH -m pip install -r $SCRIPT_DIR/requirements.txt
    ^
SyntaxError: invalid syntax
  File "/data/openpilot/traccar-python-client/launcher.sh", line 14
    $PYTHON_PATH -m pip install -r $SCRIPT_DIR/requirements.txt
    ^
SyntaxError: invalid syntax
  File "/data/openpilot/traccar-python-client/launcher.sh", line 14
    $PYTHON_PATH -m pip install -r $SCRIPT_DIR/requirements.txt
    ^
SyntaxError: invalid syntax
  File "/data/openpilot/traccar-python-client/launcher.sh", line 14
    $PYTHON_PATH -m pip install -r $SCRIPT_DIR/requirements.txt
    ^
SyntaxError: invalid syntax
  File "/data/openpilot/traccar-python-client/launcher.sh", line 14
    $PYTHON_PATH -m pip install -r $SCRIPT_DIR/requirements.txt
    ^
SyntaxError: invalid syntax
  File "/data/openpilot/traccar-python-client/launcher.sh", line 14
    $PYTHON_PATH -m pip install -r $SCRIPT_DIR/requirements.txt
    ^
SyntaxError: invalid syntax
  File "/data/openpilot/traccar-python-client/launcher.sh", line 14
    $PYTHON_PATH -m pip install -r $SCRIPT_DIR/requirements.txt
    ^
SyntaxError: invalid syntax
  File "/data/openpilot/traccar-python-client/launcher.sh", line 14
    $PYTHON_PATH -m pip install -r $SCRIPT_DIR/requirements.txt
    ^
SyntaxError: invalid syntax
  File "/data/openpilot/traccar-python-client/launcher.sh", line 14
    $PYTHON_PATH -m pip install -r $SCRIPT_DIR/requirements.txt
    ^
SyntaxError: invalid syntax
  File "/data/openpilot/traccar-python-client/launcher.sh", line 14
    $PYTHON_PATH -m pip install -r $SCRIPT_DIR/requirements.txt
    ^
SyntaxError: invalid syntax
  File "/data/openpilot/traccar-python-client/launcher.sh", line 14
    $PYTHON_PATH -m pip install -r $SCRIPT_DIR/requirements.txt
    ^
SyntaxError: invalid syntax
  File "/data/openpilot/traccar-python-client/launcher.sh", line 14
    $PYTHON_PATH -m pip install -r $SCRIPT_DIR/requirements.txt
    ^
SyntaxError: invalid syntax
  File "/data/openpilot/traccar-python-client/launcher.sh", line 14
    $PYTHON_PATH -m pip install -r $SCRIPT_DIR/requirements.txt
    ^
SyntaxError: invalid syntax
  File "/data/openpilot/traccar-python-client/launcher.sh", line 14
    $PYTHON_PATH -m pip install -r $SCRIPT_DIR/requirements.txt
    ^
SyntaxError: invalid syntax
  File "/data/openpilot/traccar-python-client/launcher.sh", line 14
    $PYTHON_PATH -m pip install -r $SCRIPT_DIR/requirements.txt
    ^
SyntaxError: invalid syntax
Requirement already satisfied: python-decouple in /usr/local/pyenv/versions/3.11.4/lib/python3.11/site-packages (from -r /data/openpilot/traccar-python-client/requirements.txt (line 1)) (3.8)
Requirement already satisfied: requests in /usr/local/pyenv/versions/3.11.4/lib/python3.11/site-packages (from -r /data/openpilot/traccar-python-client/requirements.txt (line 2)) (2.31.0)
Requirement already satisfied: charset-normalizer<4,>=2 in /usr/local/pyenv/versions/3.11.4/lib/python3.11/site-packages (from requests->-r /data/openpilot/traccar-python-client/requirements.txt (line 2)) (3.3.2)
Requirement already satisfied: idna<4,>=2.5 in /usr/local/pyenv/versions/3.11.4/lib/python3.11/site-packages (from requests->-r /data/openpilot/traccar-python-client/requirements.txt (line 2)) (3.6)
Requirement already satisfied: urllib3<3,>=1.21.1 in /usr/local/pyenv/versions/3.11.4/lib/python3.11/site-packages (from requests->-r /data/openpilot/traccar-python-client/requirements.txt (line 2)) (2.2.0)
Requirement already satisfied: certifi>=2017.4.17 in /usr/local/pyenv/versions/3.11.4/lib/python3.11/site-packages (from requests->-r /data/openpilot/traccar-python-client/requirements.txt (line 2)) (2024.2.2)
WARNING: Running pip as the 'root' user can result in broken permissions and conflicting behaviour with the system package manager, possibly rendering your system unusable.It is recommended to use a virtual environment instead: https://pip.pypa.io/warnings/venv. Use the --root-user-action option if you know what you are doing and want to suppress this warning.
Starting GPS Tracker...
Traceback (most recent call last):
  File "/data/openpilot/traccar-python-client/gps_tracker.py", line 2, in <module>
    import cereal.messaging as messaging
ModuleNotFoundError: No module named 'cereal'
GPS Tracker started.
Requirement already satisfied: python-decouple in /usr/local/pyenv/versions/3.11.4/lib/python3.11/site-packages (from -r /data/openpilot/traccar-python-client/requirements.txt (line 1)) (3.8)
Requirement already satisfied: requests in /usr/local/pyenv/versions/3.11.4/lib/python3.11/site-packages (from -r /data/openpilot/traccar-python-client/requirements.txt (line 2)) (2.31.0)
Requirement already satisfied: charset-normalizer<4,>=2 in /usr/local/pyenv/versions/3.11.4/lib/python3.11/site-packages (from requests->-r /data/openpilot/traccar-python-client/requirements.txt (line 2)) (3.3.2)
Requirement already satisfied: idna<4,>=2.5 in /usr/local/pyenv/versions/3.11.4/lib/python3.11/site-packages (from requests->-r /data/openpilot/traccar-python-client/requirements.txt (line 2)) (3.6)
Requirement already satisfied: urllib3<3,>=1.21.1 in /usr/local/pyenv/versions/3.11.4/lib/python3.11/site-packages (from requests->-r /data/openpilot/traccar-python-client/requirements.txt (line 2)) (2.2.0)
Requirement already satisfied: certifi>=2017.4.17 in /usr/local/pyenv/versions/3.11.4/lib/python3.11/site-packages (from requests->-r /data/openpilot/traccar-python-client/requirements.txt (line 2)) (2024.2.2)
WARNING: Running pip as the 'root' user can result in broken permissions and conflicting behaviour with the system package manager, possibly rendering your system unusable.It is recommended to use a virtual environment instead: https://pip.pypa.io/warnings/venv. Use the --root-user-action option if you know what you are doing and want to suppress this warning.
Starting GPS Tracker...
Traceback (most recent call last):
  File "/data/openpilot/traccar-python-client/gps_tracker.py", line 2, in <module>
    import cereal.messaging as messaging
ModuleNotFoundError: No module named 'cereal'
GPS Tracker started.
Requirement already satisfied: python-decouple in /usr/local/pyenv/versions/3.11.4/lib/python3.11/site-packages (from -r /data/openpilot/traccar-python-client/requirements.txt (line 1)) (3.8)
Requirement already satisfied: requests in /usr/local/pyenv/versions/3.11.4/lib/python3.11/site-packages (from -r /data/openpilot/traccar-python-client/requirements.txt (line 2)) (2.31.0)
Requirement already satisfied: charset-normalizer<4,>=2 in /usr/local/pyenv/versions/3.11.4/lib/python3.11/site-packages (from requests->-r /data/openpilot/traccar-python-client/requirements.txt (line 2)) (3.3.2)
Requirement already satisfied: idna<4,>=2.5 in /usr/local/pyenv/versions/3.11.4/lib/python3.11/site-packages (from requests->-r /data/openpilot/traccar-python-client/requirements.txt (line 2)) (3.6)
Requirement already satisfied: urllib3<3,>=1.21.1 in /usr/local/pyenv/versions/3.11.4/lib/python3.11/site-packages (from requests->-r /data/openpilot/traccar-python-client/requirements.txt (line 2)) (2.2.0)
Requirement already satisfied: certifi>=2017.4.17 in /usr/local/pyenv/versions/3.11.4/lib/python3.11/site-packages (from requests->-r /data/openpilot/traccar-python-client/requirements.txt (line 2)) (2024.2.2)
WARNING: Running pip as the 'root' user can result in broken permissions and conflicting behaviour with the system package manager, possibly rendering your system unusable.It is recommended to use a virtual environment instead: https://pip.pypa.io/warnings/venv. Use the --root-user-action option if you know what you are doing and want to suppress this warning.
Starting GPS Tracker...
Traceback (most recent call last):
  File "/data/openpilot/traccar-python-client/gps_tracker.py", line 2, in <module>
    import cereal.messaging as messaging
ModuleNotFoundError: No module named 'cereal'
GPS Tracker started.
Requirement already satisfied: python-decouple in /usr/local/pyenv/versions/3.11.4/lib/python3.11/site-packages (from -r /data/openpilot/traccar-python-client/requirements.txt (line 1)) (3.8)
Requirement already satisfied: requests in /usr/local/pyenv/versions/3.11.4/lib/python3.11/site-packages (from -r /data/openpilot/traccar-python-client/requirements.txt (line 2)) (2.31.0)
Requirement already satisfied: charset-normalizer<4,>=2 in /usr/local/pyenv/versions/3.11.4/lib/python3.11/site-packages (from requests->-r /data/openpilot/traccar-python-client/requirements.txt (line 2)) (3.3.2)
Requirement already satisfied: idna<4,>=2.5 in /usr/local/pyenv/versions/3.11.4/lib/python3.11/site-packages (from requests->-r /data/openpilot/traccar-python-client/requirements.txt (line 2)) (3.6)
Requirement already satisfied: urllib3<3,>=1.21.1 in /usr/local/pyenv/versions/3.11.4/lib/python3.11/site-packages (from requests->-r /data/openpilot/traccar-python-client/requirements.txt (line 2)) (2.2.0)
Requirement already satisfied: certifi>=2017.4.17 in /usr/local/pyenv/versions/3.11.4/lib/python3.11/site-packages (from requests->-r /data/openpilot/traccar-python-client/requirements.txt (line 2)) (2024.2.2)
WARNING: Running pip as the 'root' user can result in broken permissions and conflicting behaviour with the system package manager, possibly rendering your system unusable.It is recommended to use a virtual environment instead: https://pip.pypa.io/warnings/venv. Use the --root-user-action option if you know what you are doing and want to suppress this warning.
Starting GPS Tracker...
Traceback (most recent call last):
  File "/data/openpilot/traccar-python-client/gps_tracker.py", line 2, in <module>
    import cereal.messaging as messaging
ModuleNotFoundError: No module named 'cereal'
GPS Tracker started.
Requirement already satisfied: python-decouple in /usr/local/pyenv/versions/3.11.4/lib/python3.11/site-packages (from -r /data/openpilot/traccar-python-client/requirements.txt (line 1)) (3.8)
Requirement already satisfied: requests in /usr/local/pyenv/versions/3.11.4/lib/python3.11/site-packages (from -r /data/openpilot/traccar-python-client/requirements.txt (line 2)) (2.31.0)
Requirement already satisfied: charset-normalizer<4,>=2 in /usr/local/pyenv/versions/3.11.4/lib/python3.11/site-packages (from requests->-r /data/openpilot/traccar-python-client/requirements.txt (line 2)) (3.3.2)
Requirement already satisfied: idna<4,>=2.5 in /usr/local/pyenv/versions/3.11.4/lib/python3.11/site-packages (from requests->-r /data/openpilot/traccar-python-client/requirements.txt (line 2)) (3.6)
Requirement already satisfied: urllib3<3,>=1.21.1 in /usr/local/pyenv/versions/3.11.4/lib/python3.11/site-packages (from requests->-r /data/openpilot/traccar-python-client/requirements.txt (line 2)) (2.2.0)
Requirement already satisfied: certifi>=2017.4.17 in /usr/local/pyenv/versions/3.11.4/lib/python3.11/site-packages (from requests->-r /data/openpilot/traccar-python-client/requirements.txt (line 2)) (2024.2.2)
WARNING: Running pip as the 'root' user can result in broken permissions and conflicting behaviour with the system package manager, possibly rendering your system unusable.It is recommended to use a virtual environment instead: https://pip.pypa.io/warnings/venv. Use the --root-user-action option if you know what you are doing and want to suppress this warning.
Starting GPS Tracker...
Traceback (most recent call last):
  File "/data/openpilot/traccar-python-client/gps_tracker.py", line 2, in <module>
    import cereal.messaging as messaging
ModuleNotFoundError: No module named 'cereal'
GPS Tracker started.
Requirement already satisfied: python-decouple in /usr/local/pyenv/versions/3.11.4/lib/python3.11/site-packages (from -r /data/openpilot/traccar-python-client/requirements.txt (line 1)) (3.8)
Requirement already satisfied: requests in /usr/local/pyenv/versions/3.11.4/lib/python3.11/site-packages (from -r /data/openpilot/traccar-python-client/requirements.txt (line 2)) (2.31.0)
Requirement already satisfied: charset-normalizer<4,>=2 in /usr/local/pyenv/versions/3.11.4/lib/python3.11/site-packages (from requests->-r /data/openpilot/traccar-python-client/requirements.txt (line 2)) (3.3.2)
Requirement already satisfied: idna<4,>=2.5 in /usr/local/pyenv/versions/3.11.4/lib/python3.11/site-packages (from requests->-r /data/openpilot/traccar-python-client/requirements.txt (line 2)) (3.6)
Requirement already satisfied: urllib3<3,>=1.21.1 in /usr/local/pyenv/versions/3.11.4/lib/python3.11/site-packages (from requests->-r /data/openpilot/traccar-python-client/requirements.txt (line 2)) (2.2.0)
Requirement already satisfied: certifi>=2017.4.17 in /usr/local/pyenv/versions/3.11.4/lib/python3.11/site-packages (from requests->-r /data/openpilot/traccar-python-client/requirements.txt (line 2)) (2024.2.2)
WARNING: Running pip as the 'root' user can result in broken permissions and conflicting behaviour with the system package manager, possibly rendering your system unusable.It is recommended to use a virtual environment instead: https://pip.pypa.io/warnings/venv. Use the --root-user-action option if you know what you are doing and want to suppress this warning.
Starting GPS Tracker...
Traceback (most recent call last):
  File "/data/openpilot/traccar-python-client/gps_tracker.py", line 2, in <module>
    import cereal.messaging as messaging
ModuleNotFoundError: No module named 'cereal'
GPS Tracker started.
Requirement already satisfied: python-decouple in /usr/local/pyenv/versions/3.11.4/lib/python3.11/site-packages (from -r /data/openpilot/traccar-python-client/requirements.txt (line 1)) (3.8)
Requirement already satisfied: requests in /usr/local/pyenv/versions/3.11.4/lib/python3.11/site-packages (from -r /data/openpilot/traccar-python-client/requirements.txt (line 2)) (2.31.0)
Requirement already satisfied: charset-normalizer<4,>=2 in /usr/local/pyenv/versions/3.11.4/lib/python3.11/site-packages (from requests->-r /data/openpilot/traccar-python-client/requirements.txt (line 2)) (3.3.2)
Requirement already satisfied: idna<4,>=2.5 in /usr/local/pyenv/versions/3.11.4/lib/python3.11/site-packages (from requests->-r /data/openpilot/traccar-python-client/requirements.txt (line 2)) (3.6)
Requirement already satisfied: urllib3<3,>=1.21.1 in /usr/local/pyenv/versions/3.11.4/lib/python3.11/site-packages (from requests->-r /data/openpilot/traccar-python-client/requirements.txt (line 2)) (2.2.0)
Requirement already satisfied: certifi>=2017.4.17 in /usr/local/pyenv/versions/3.11.4/lib/python3.11/site-packages (from requests->-r /data/openpilot/traccar-python-client/requirements.txt (line 2)) (2024.2.2)
WARNING: Running pip as the 'root' user can result in broken permissions and conflicting behaviour with the system package manager, possibly rendering your system unusable.It is recommended to use a virtual environment instead: https://pip.pypa.io/warnings/venv. Use the --root-user-action option if you know what you are doing and want to suppress this warning.
Starting GPS Tracker...
Traceback (most recent call last):
  File "/data/openpilot/traccar-python-client/gps_tracker.py", line 2, in <module>
    import cereal.messaging as messaging
ModuleNotFoundError: No module named 'cereal'
GPS Tracker started.
Requirement already satisfied: python-decouple in /usr/local/pyenv/versions/3.11.4/lib/python3.11/site-packages (from -r /data/openpilot/traccar-python-client/requirements.txt (line 1)) (3.8)
Requirement already satisfied: requests in /usr/local/pyenv/versions/3.11.4/lib/python3.11/site-packages (from -r /data/openpilot/traccar-python-client/requirements.txt (line 2)) (2.31.0)
Requirement already satisfied: charset-normalizer<4,>=2 in /usr/local/pyenv/versions/3.11.4/lib/python3.11/site-packages (from requests->-r /data/openpilot/traccar-python-client/requirements.txt (line 2)) (3.3.2)
Requirement already satisfied: idna<4,>=2.5 in /usr/local/pyenv/versions/3.11.4/lib/python3.11/site-packages (from requests->-r /data/openpilot/traccar-python-client/requirements.txt (line 2)) (3.6)
Requirement already satisfied: urllib3<3,>=1.21.1 in /usr/local/pyenv/versions/3.11.4/lib/python3.11/site-packages (from requests->-r /data/openpilot/traccar-python-client/requirements.txt (line 2)) (2.2.0)
Requirement already satisfied: certifi>=2017.4.17 in /usr/local/pyenv/versions/3.11.4/lib/python3.11/site-packages (from requests->-r /data/openpilot/traccar-python-client/requirements.txt (line 2)) (2024.2.2)
WARNING: Running pip as the 'root' user can result in broken permissions and conflicting behaviour with the system package manager, possibly rendering your system unusable.It is recommended to use a virtual environment instead: https://pip.pypa.io/warnings/venv. Use the --root-user-action option if you know what you are doing and want to suppress this warning.
Starting GPS Tracker...
Traceback (most recent call last):
  File "/data/openpilot/traccar-python-client/gps_tracker.py", line 2, in <module>
    import cereal.messaging as messaging
ModuleNotFoundError: No module named 'cereal'
GPS Tracker started.
Requirement already satisfied: python-decouple in /usr/local/pyenv/versions/3.11.4/lib/python3.11/site-packages (from -r /data/openpilot/traccar-python-client/requirements.txt (line 1)) (3.8)
Requirement already satisfied: requests in /usr/local/pyenv/versions/3.11.4/lib/python3.11/site-packages (from -r /data/openpilot/traccar-python-client/requirements.txt (line 2)) (2.31.0)
Requirement already satisfied: charset-normalizer<4,>=2 in /usr/local/pyenv/versions/3.11.4/lib/python3.11/site-packages (from requests->-r /data/openpilot/traccar-python-client/requirements.txt (line 2)) (3.3.2)
Requirement already satisfied: idna<4,>=2.5 in /usr/local/pyenv/versions/3.11.4/lib/python3.11/site-packages (from requests->-r /data/openpilot/traccar-python-client/requirements.txt (line 2)) (3.6)
Requirement already satisfied: urllib3<3,>=1.21.1 in /usr/local/pyenv/versions/3.11.4/lib/python3.11/site-packages (from requests->-r /data/openpilot/traccar-python-client/requirements.txt (line 2)) (2.2.0)
Requirement already satisfied: certifi>=2017.4.17 in /usr/local/pyenv/versions/3.11.4/lib/python3.11/site-packages (from requests->-r /data/openpilot/traccar-python-client/requirements.txt (line 2)) (2024.2.2)
WARNING: Running pip as the 'root' user can result in broken permissions and conflicting behaviour with the system package manager, possibly rendering your system unusable.It is recommended to use a virtual environment instead: https://pip.pypa.io/warnings/venv. Use the --root-user-action option if you know what you are doing and want to suppress this warning.
Starting GPS Tracker...
Traceback (most recent call last):
  File "/data/openpilot/traccar-python-client/gps_tracker.py", line 2, in <module>
    import cereal.messaging as messaging
ModuleNotFoundError: No module named 'cereal'
GPS Tracker started.
Requirement already satisfied: python-decouple in /usr/local/pyenv/versions/3.11.4/lib/python3.11/site-packages (from -r /data/openpilot/traccar-python-client/requirements.txt (line 1)) (3.8)
Requirement already satisfied: requests in /usr/local/pyenv/versions/3.11.4/lib/python3.11/site-packages (from -r /data/openpilot/traccar-python-client/requirements.txt (line 2)) (2.31.0)
Requirement already satisfied: charset-normalizer<4,>=2 in /usr/local/pyenv/versions/3.11.4/lib/python3.11/site-packages (from requests->-r /data/openpilot/traccar-python-client/requirements.txt (line 2)) (3.3.2)
Requirement already satisfied: idna<4,>=2.5 in /usr/local/pyenv/versions/3.11.4/lib/python3.11/site-packages (from requests->-r /data/openpilot/traccar-python-client/requirements.txt (line 2)) (3.6)
Requirement already satisfied: urllib3<3,>=1.21.1 in /usr/local/pyenv/versions/3.11.4/lib/python3.11/site-packages (from requests->-r /data/openpilot/traccar-python-client/requirements.txt (line 2)) (2.2.0)
Requirement already satisfied: certifi>=2017.4.17 in /usr/local/pyenv/versions/3.11.4/lib/python3.11/site-packages (from requests->-r /data/openpilot/traccar-python-client/requirements.txt (line 2)) (2024.2.2)
WARNING: Running pip as the 'root' user can result in broken permissions and conflicting behaviour with the system package manager, possibly rendering your system unusable.It is recommended to use a virtual environment instead: https://pip.pypa.io/warnings/venv. Use the --root-user-action option if you know what you are doing and want to suppress this warning.
Starting GPS Tracker...
2024-10-22 22:19:11,177 - INFO - Starting GPS tracking service...
2024-10-22 22:19:16,768 - INFO - No stored data to send.
2024-10-22 22:19:22,597 - INFO - No stored data to send.
2024-10-22 22:19:28,106 - INFO - No stored data to send.
2024-10-22 22:19:33,775 - INFO - No stored data to send.
2024-10-22 22:19:39,292 - INFO - No stored data to send.
2024-10-22 22:19:44,804 - INFO - No stored data to send.
2024-10-22 22:19:51,383 - INFO - No stored data to send.
2024-10-22 22:19:56,897 - INFO - No stored data to send.
2024-10-22 22:20:02,372 - INFO - No stored data to send.
2024-10-22 22:20:08,054 - INFO - No stored data to send.
2024-10-22 22:20:13,598 - INFO - No stored data to send.
2024-10-22 22:20:19,064 - INFO - No stored data to send.
2024-10-22 22:20:24,796 - INFO - No stored data to send.
2024-10-22 22:20:30,658 - INFO - No stored data to send.
2024-10-22 22:20:36,634 - INFO - No stored data to send.
2024-10-22 22:20:42,479 - INFO - No stored data to send.
2024-10-22 22:20:50,058 - INFO - No stored data to send.
Requirement already satisfied: python-decouple in /usr/local/pyenv/versions/3.11.4/lib/python3.11/site-packages (from -r /data/openpilot/traccar-python-client/requirements.txt (line 1)) (3.8)
Requirement already satisfied: requests in /usr/local/pyenv/versions/3.11.4/lib/python3.11/site-packages (from -r /data/openpilot/traccar-python-client/requirements.txt (line 2)) (2.31.0)
Requirement already satisfied: charset-normalizer<4,>=2 in /usr/local/pyenv/versions/3.11.4/lib/python3.11/site-packages (from requests->-r /data/openpilot/traccar-python-client/requirements.txt (line 2)) (3.3.2)
Requirement already satisfied: idna<4,>=2.5 in /usr/local/pyenv/versions/3.11.4/lib/python3.11/site-packages (from requests->-r /data/openpilot/traccar-python-client/requirements.txt (line 2)) (3.6)
Requirement already satisfied: urllib3<3,>=1.21.1 in /usr/local/pyenv/versions/3.11.4/lib/python3.11/site-packages (from requests->-r /data/openpilot/traccar-python-client/requirements.txt (line 2)) (2.2.0)
Requirement already satisfied: certifi>=2017.4.17 in /usr/local/pyenv/versions/3.11.4/lib/python3.11/site-packages (from requests->-r /data/openpilot/traccar-python-client/requirements.txt (line 2)) (2024.2.2)
WARNING: Running pip as the 'root' user can result in broken permissions and conflicting behaviour with the system package manager, possibly rendering your system unusable.It is recommended to use a virtual environment instead: https://pip.pypa.io/warnings/venv. Use the --root-user-action option if you know what you are doing and want to suppress this warning.
Starting GPS Tracker...
2024-10-25 12:29:14,468 - INFO - Starting GPS tracking service...
2024-10-25 12:29:21,688 - INFO - No stored data to send.
2024-10-25 12:29:27,767 - INFO - No stored data to send.
2024-10-25 12:29:33,734 - INFO - No stored data to send.
2024-10-25 12:29:39,645 - INFO - No stored data to send.
2024-10-25 12:29:46,018 - INFO - No stored data to send.
2024-10-25 12:29:51,816 - INFO - No stored data to send.
2024-10-25 12:29:57,488 - INFO - No stored data to send.
2024-10-25 12:30:03,359 - INFO - No stored data to send.
2024-10-25 12:30:09,119 - INFO - No stored data to send.
2024-10-25 12:30:15,089 - INFO - No stored data to send.
2024-10-25 12:30:20,605 - INFO - No stored data to send.
2024-10-25 12:30:26,747 - INFO - No stored data to send.
2024-10-25 12:30:32,789 - INFO - No stored data to send.
2024-10-25 12:30:38,318 - INFO - No stored data to send.
2024-10-25 12:30:43,954 - INFO - No stored data to send.
2024-10-25 12:30:50,028 - INFO - No stored data to send.
2024-10-25 12:30:55,880 - INFO - No stored data to send.
2024-10-25 12:31:01,972 - INFO - No stored data to send.
2024-10-25 12:31:07,931 - INFO - No stored data to send.
2024-10-25 12:31:13,461 - INFO - No stored data to send.
2024-10-25 12:31:19,182 - INFO - No stored data to send.
2024-10-25 12:31:24,652 - INFO - No stored data to send.
2024-10-25 12:31:30,230 - INFO - No stored data to send.
2024-10-25 12:31:35,685 - INFO - No stored data to send.
2024-10-25 12:31:41,501 - INFO - No stored data to send.
2024-10-25 12:31:48,655 - INFO - No stored data to send.
2024-10-25 12:31:54,219 - INFO - No stored data to send.
2024-10-25 12:32:00,353 - INFO - No stored data to send.
2024-10-25 12:32:06,600 - INFO - No stored data to send.
2024-10-25 12:32:12,335 - INFO - No stored data to send.
2024-10-25 12:32:17,863 - INFO - No stored data to send.
2024-10-25 12:32:23,425 - INFO - No stored data to send.
2024-10-25 12:32:29,385 - INFO - No stored data to send.
2024-10-25 12:32:35,063 - INFO - No stored data to send.
2024-10-25 12:32:40,902 - INFO - No stored data to send.
2024-10-25 12:32:46,436 - INFO - No stored data to send.
2024-10-25 12:32:53,613 - INFO - No stored data to send.
2024-10-25 12:32:59,648 - INFO - No stored data to send.
2024-10-25 12:33:05,490 - INFO - No stored data to send.
2024-10-25 12:33:11,112 - INFO - No stored data to send.
2024-10-25 12:33:16,642 - INFO - No stored data to send.
2024-10-25 12:33:22,594 - INFO - No stored data to send.
2024-10-25 12:33:28,318 - INFO - No stored data to send.
2024-10-25 12:33:37,944 - INFO - No stored data to send.
2024-10-25 12:33:43,578 - INFO - No stored data to send.
2024-10-25 12:33:50,036 - INFO - No stored data to send.
2024-10-25 12:33:55,661 - INFO - No stored data to send.
Defaulting to user installation because normal site-packages is not writeable
Requirement already satisfied: python-decouple in /usr/local/pyenv/versions/3.11.4/lib/python3.11/site-packages (from -r /data/openpilot/traccar-python-client/requirements.txt (line 1)) (3.8)
Requirement already satisfied: requests in /usr/local/pyenv/versions/3.11.4/lib/python3.11/site-packages (from -r /data/openpilot/traccar-python-client/requirements.txt (line 2)) (2.31.0)
Requirement already satisfied: charset-normalizer<4,>=2 in /usr/local/pyenv/versions/3.11.4/lib/python3.11/site-packages (from requests->-r /data/openpilot/traccar-python-client/requirements.txt (line 2)) (3.3.2)
Requirement already satisfied: idna<4,>=2.5 in /usr/local/pyenv/versions/3.11.4/lib/python3.11/site-packages (from requests->-r /data/openpilot/traccar-python-client/requirements.txt (line 2)) (3.6)
Requirement already satisfied: urllib3<3,>=1.21.1 in /usr/local/pyenv/versions/3.11.4/lib/python3.11/site-packages (from requests->-r /data/openpilot/traccar-python-client/requirements.txt (line 2)) (2.2.0)
Requirement already satisfied: certifi>=2017.4.17 in /usr/local/pyenv/versions/3.11.4/lib/python3.11/site-packages (from requests->-r /data/openpilot/traccar-python-client/requirements.txt (line 2)) (2024.2.2)
WARNING: Running pip as the 'root' user can result in broken permissions and conflicting behaviour with the system package manager, possibly rendering your system unusable.It is recommended to use a virtual environment instead: https://pip.pypa.io/warnings/venv. Use the --root-user-action option if you know what you are doing and want to suppress this warning.
Starting GPS Tracker...
2024-06-18 00:30:01,977 - INFO - Starting GPS tracking service...
2024-06-18 00:30:07,461 - INFO - No stored data to send.
2024-10-25 12:35:04,003 - INFO - No stored data to send.
2024-10-25 12:35:14,749 - INFO - No stored data to send.
2024-10-25 12:35:25,502 - INFO - No stored data to send.
2024-10-25 12:35:36,253 - INFO - No stored data to send.
2024-10-25 12:35:47,114 - INFO - No stored data to send.
2024-10-25 12:35:58,069 - INFO - No stored data to send.
2024-10-25 12:36:08,712 - INFO - No stored data to send.
2024-10-25 12:36:19,252 - INFO - No stored data to send.
2024-10-25 12:36:29,793 - INFO - No stored data to send.
2024-10-25 12:36:40,642 - INFO - No stored data to send.
2024-10-25 12:36:51,388 - INFO - No stored data to send.
2024-10-25 12:37:02,441 - INFO - No stored data to send.
2024-10-25 12:37:13,287 - INFO - No stored data to send.
2024-10-25 12:37:24,142 - INFO - No stored data to send.
2024-10-25 12:37:34,903 - INFO - No stored data to send.
2024-10-25 12:37:46,060 - INFO - No stored data to send.
